1615510907762	geckodriver	INFO	Listening on 127.0.0.1:56734
1615510910783	mozrunner::runner	INFO	Running command: "C:\\Program Files\\Firefox Developer Edition\\firefox.exe" "--marionette" "-foreground" "-no-remote" "-profile" "C:\\Users\\joshua\\AppData\\Local\\Temp\\rust_mozprofileUj46de"
JavaScript error: resource://gre/modules/XULStore.jsm, line 66: Error: Can't find profile directory.
console.warn: SearchSettings: "get: No settings file exists, new profile?" (new Error("", "(unknown module)"))
1615510915749	Marionette	INFO	Listening on port 56742
1615510916248	Marionette	WARN	TLS certificate errors will be ignored for this session
JavaScript error: https://www.adobe.com/etc/beagle/public/globalnav/adobe-privacy/latest/privacy.min.js, line 18: TypeError: can't access property "appendChild", document.body is null
JavaScript error: https://magento.com/search/node, line 1: ReferenceError: adobeLinkEvent is not defined
JavaScript error: https://magento.com/search/node, line 1: ReferenceError: adobeLinkEvent is not defined
JavaScript error: https://www.adobe.com/etc/beagle/public/globalnav/adobe-privacy/latest/privacy.min.js, line 18: TypeError: can't access property "appendChild", document.body is null
JavaScript error: https://magento.com/sites/default/files8/js/optimized/js_6PLu4riE-2dcDQ5QPzuCrl_1JQZAazd43aQw_AQJYoY.MCC6N0i77U9I5vT__eAxvlhWqW3_GnTjR2969C9__zc.js?qptfo2, line 9: TypeError: can't access property "match", id is undefined

###!!! [Child][RunMessage] Error: Channel closing: too late to send/recv, messages will be lost

1615512223723	Marionette	INFO	Stopped listening on port 56742
efox.exe" "--marionette" "-foreground" "-no-remote" "-profile" "C:\\Users\\joshua\\AppData\\Local\\Temp\\rust_mozprofilenfzToP"
JavaScript error: resource://gre/modules/XULStore.jsm, line 66: Error: Can't find profile directory.
console.warn: SearchSettings: "get: No settings file exists, new profile?" (new Error("", "(unknown module)"))
1615511261714	Marionette	INFO	Listening on port 57279
1615511261869	Marionette	WARN	TLS certificate errors will be ignored for this session
JavaScript error: https://cdn.cookielaw.org/scripttemplates/6.9.0/otBannerSdk.js, line 7: TypeError: can't access property "DomainData", n is undefined
1615511313662	Marionette	INFO	Stopped listening on port 57279

###!!! [Child][RunMessage] Error: Channel closing: too late to send/recv, messages will be lost

1615511501328	geckodriver	INFO	Listening on 127.0.0.1:57700
1615511504341	mozrunner::runner	INFO	Running command: "C:\\Program Files\\Firefox Developer Edition\\firefox.exe" "--marionette" "-foreground" "-no-remote" "-profile" "C:\\Users\\joshua\\AppData\\Local\\Temp\\rust_mozprofileCzKj2R"
JavaScript error: resource://gre/modules/XULStore.jsm, line 66: Error: Can't find profile directory.
console.warn: SearchSettings: "get: No settings file exists, new profile?" (new Error("", "(unknown module)"))
1615511508908	Marionette	INFO	Listening on port 57712
1615511509292	Marionette	WARN	TLS certificate errors will be ignored for this session
1615511525734	Marionette	INFO	Stopped listening on port 57712
JavaScript error: resource:///modules/FaviconLoader.jsm, line 596: InvalidStateError: JSWindowActorChild.sendAsyncMessage: JSWindowActorChild cannot send at the moment
JavaScript error: resource:///modules/FaviconLoader.jsm, line 596: InvalidStateError: JSWindowActorChild.sendAsyncMessage: JSWindowActorChild cannot send at the moment

###!!! [Child][RunMessage] Error: Channel closing: too late to send/recv, messages will be lost

1615511760060	geckodriver	INFO	Listening on 127.0.0.1:58063
1615511763085	mozrunner::runner	INFO	Running command: "C:\\Program Files\\Firefox Developer Edition\\firefox.exe" "--marionette" "-foreground" "-no-remote" "-profile" "C:\\Users\\joshua\\AppData\\Local\\Temp\\rust_mozprofileWfOQl9"
JavaScript error: resource://gre/modules/XULStore.jsm, line 66: Error: Can't find profile directory.
console.warn: SearchSettings: "get: No settings file exists, new profile?" (new Error("", "(unknown module)"))
1615511767682	Marionette	INFO	Listening on port 58074
1615511768035	Marionette	WARN	TLS certificate errors will be ignored for this session
JavaScript error: https://app-sj16.marketo.com/index.php/form/XDFrame, line 8: ReferenceError: MktoForms2 is not defined
JavaScript error: , line 0: NotFoundError: No such JSWindowActor 'MarionetteEvents'
1615512220152	Marionette	INFO	Stopped listening on port 58074

###!!! [Child][RunMessage] Error: Channel closing: too late to send/recv, messages will be lost

efox.exe" "--marionette" "-foreground" "-no-remote" "-profile" "C:\\Users\\joshua\\AppData\\Local\\Temp\\rust_mozprofileBux7Ka"
JavaScript error: resource://gre/modules/XULStore.jsm, line 66: Error: Can't find profile directory.
console.warn: SearchSettings: "get: No settings file exists, new profile?" (new Error("", "(unknown module)"))
1615511849413	Marionette	INFO	Listening on port 58353
1615511849479	Marionette	WARN	TLS certificate errors will be ignored for this session
1615511865045	Marionette	INFO	Stopped listening on port 58353

###!!! [Child][RunMessage] Error: Channel closing: too late to send/recv, messages will be lost

1615512232614	geckodriver	INFO	Listening on 127.0.0.1:58796
1615512235631	mozrunner::runner	INFO	Running command: "C:\\Program Files\\Firefox Developer Edition\\firefox.exe" "--marionette" "-foreground" "-no-remote" "-profile" "C:\\Users\\joshua\\AppData\\Local\\Temp\\rust_mozprofileOBNkgP"
JavaScript error: resource://gre/modules/XULStore.jsm, line 66: Error: Can't find profile directory.
console.warn: SearchSettings: "get: No settings file exists, new profile?" (new Error("", "(unknown module)"))
1615512239669	Marionette	INFO	Listening on port 58807
1615512239993	Marionette	WARN	TLS certificate errors will be ignored for this session
JavaScript error: https://cdn.cookielaw.org/scripttemplates/6.9.0/otBannerSdk.js, line 7: TypeError: can't access property "DomainData", n is undefined
JavaScript error: https://www.adobe.com/etc/beagle/public/globalnav/adobe-privacy/latest/privacy.min.js, line 18: TypeError: can't access property "appendChild", document.body is null
1615512263060	Marionette	INFO	Stopped listening on port 58807
[Parent 1472, IPC I/O Parent] WARNING: file /builds/worker/checkouts/gecko/ipc/chromium/src/base/process_util_win.cc:167

###!!! [Child][RunMessage] Error: Channel closing: too late to send/recv, messages will be lost

1615520934221	geckodriver	INFO	Listening on 127.0.0.1:49184
1615520937267	mozrunner::runner	INFO	Running command: "C:\\Program Files\\Firefox Developer Edition\\firefox.exe" "--marionette" "-foreground" "-no-remote" "-profile" "C:\\Users\\joshua\\AppData\\Local\\Temp\\rust_mozprofileBF1TwU"
JavaScript error: resource://gre/modules/XULStore.jsm, line 66: Error: Can't find profile directory.
console.warn: SearchSettings: "get: No settings file exists, new profile?" (new Error("", "(unknown module)"))
1615520941982	Marionette	INFO	Listening on port 49192
1615520942226	Marionette	WARN	TLS certificate errors will be ignored for this session
JavaScript error: https://app-sj16.marketo.com/index.php/form/XDFrame, line 8: ReferenceError: MktoForms2 is not defined
1615520961810	Marionette	INFO	Stopped listening on port 49192
JavaScript error: resource:///actors/ContentMetaChild.jsm, line 179: InvalidStateError: JSWindowActorChild.sendAsyncMessage: JSWindowActorChild cannot send at the moment

###!!! [Child][RunMessage] Error: Channel closing: too late to send/recv, messages will be lost

